<?xml version="1.0" encoding="UTF-8"?>
<!-- Generated by org.testng.reporters.JUnitReportReporter -->
<testsuite skipped="0" hostname="Viraj" name="org.testing.man.TN1_Welcome" tests="1" failures="0" timestamp="2022-11-08T21:06:35 GMT" time="0.009" errors="0">
  <testcase name="method" time="0.009" classname="org.testing.man.TN1_Welcome"/>
  <system-out/>
</testsuite> <!-- org.testing.man.TN1_Welcome -->
